<?xml version="1.0" encoding="UTF-8"?>
<!-- Generated by org.testng.reporters.JUnitReportReporter -->
<testsuite hostname="DESKTOP-CLS43TC" failures="0" tests="1" name="testCases.TC_2_LoginTest" time="1.594" errors="0" timestamp="2025-03-21T15:12:57 IST" skipped="0">
  <testcase classname="testCases.TC_2_LoginTest" name="Verify_login" time="1.594"/>
  <system-out/>
</testsuite> <!-- testCases.TC_2_LoginTest -->
