<?xml version="1.0" encoding="UTF-8"?>
<!-- Generated by org.testng.reporters.JUnitReportReporter -->
<testsuite hostname="DESKTOP-CLS43TC" failures="0" tests="1" name="testCases.TC_1_AccountRegistrationTest" time="2.600" errors="0" timestamp="2025-03-21T15:12:57 IST" skipped="0">
  <testcase classname="testCases.TC_1_AccountRegistrationTest" name="verify_account_registration" time="2.600"/>
  <system-out/>
</testsuite> <!-- testCases.TC_1_AccountRegistrationTest -->
