<?xml version="1.0" encoding="UTF-8"?>
<!-- Generated by org.testng.reporters.JUnitReportReporter -->
<testsuite hostname="DESKTOP-CLS43TC" failures="0" tests="5" name="testCases.TC_3_LoginDataDrivenTest" time="38.868" errors="0" timestamp="2025-03-21T15:12:57 IST" skipped="0">
  <testcase classname="testCases.TC_3_LoginDataDrivenTest" name="Verify_loginDDT" time="11.225"/>
  <system-out/>
  <testcase classname="testCases.TC_3_LoginDataDrivenTest" name="Verify_loginDDT" time="11.725"/>
  <system-out/>
  <testcase classname="testCases.TC_3_LoginDataDrivenTest" name="Verify_loginDDT" time="1.953"/>
  <system-out/>
  <testcase classname="testCases.TC_3_LoginDataDrivenTest" name="Verify_loginDDT" time="1.676"/>
  <system-out/>
  <testcase classname="testCases.TC_3_LoginDataDrivenTest" name="Verify_loginDDT" time="12.289"/>
  <system-out/>
</testsuite> <!-- testCases.TC_3_LoginDataDrivenTest -->
