<?xml version="1.0" encoding="UTF-8"?>
<!-- Generated by org.testng.reporters.JUnitReportReporter -->
<testsuite hostname="DESKTOP-CLS43TC" failures="0" tests="1" name="testCases.TC_1_AccountRegistrationTest" time="2.920" errors="0" timestamp="2025-03-22T15:25:30 IST" skipped="0">
  <testcase classname="testCases.TC_1_AccountRegistrationTest" name="verify_account_registration" time="2.920"/>
</testsuite> <!-- testCases.TC_1_AccountRegistrationTest -->
