<?xml version="1.0" encoding="UTF-8"?>
<!-- Generated by org.testng.reporters.JUnitReportReporter -->
<testsuite hostname="DESKTOP-CLS43TC" failures="0" tests="5" name="testCases.TC_3_LoginDataDrivenTest" time="37.756" errors="0" timestamp="2025-03-22T15:25:30 IST" skipped="0">
  <testcase classname="testCases.TC_3_LoginDataDrivenTest" name="Verify_loginDDT" time="1.957"/>
  <testcase classname="testCases.TC_3_LoginDataDrivenTest" name="Verify_loginDDT" time="2.478"/>
  <testcase classname="testCases.TC_3_LoginDataDrivenTest" name="Verify_loginDDT" time="11.335"/>
  <testcase classname="testCases.TC_3_LoginDataDrivenTest" name="Verify_loginDDT" time="11.261"/>
  <testcase classname="testCases.TC_3_LoginDataDrivenTest" name="Verify_loginDDT" time="10.725"/>
</testsuite> <!-- testCases.TC_3_LoginDataDrivenTest -->
